[2016-05-31 15:56:43] log.INFO: select * from million WHERE userId= 999999 {"timestart":1464681403.8118,"timeend":1464681403.8208,"actiontime":0.0089759826660156} []
[2016-05-31 15:56:44] log.INFO: select login,truename from million where userId>10 {"timestart":1464681403.8267,"timeend":1464681404.7519,"actiontime":0.92528104782104} []
[2016-05-31 15:56:45] log.INFO: select password from million where userId<10 {"timestart":1464681405.6704,"timeend":1464681405.6709,"actiontime":0.00050806999206543} []
[2016-05-31 15:56:46] log.INFO: select login from million WHERE userId>9930 && userId<779940  {"timestart":1464681405.9296,"timeend":1464681406.6242,"actiontime":0.69462108612061} []
[2016-05-31 15:56:47] log.INFO: select truename from million where userId=799930  {"timestart":1464681407.0193,"timeend":1464681407.0197,"actiontime":0.00041580200195312} []
[2016-05-31 16:06:52] log.INFO: select * from million WHERE userId= 999999 {"timestart":1464682012.4822,"timeend":1464682012.4853,"actiontime":0.0030691623687744} []
[2016-05-31 16:06:53] log.INFO: select login,truename from million where userId>10 {"timestart":1464682012.4876,"timeend":1464682013.4291,"actiontime":0.94150996208191} []
[2016-05-31 16:06:54] log.INFO: select password from million where userId<10 {"timestart":1464682014.344,"timeend":1464682014.3446,"actiontime":0.0006260871887207} []
[2016-05-31 16:06:55] log.INFO: select login from million WHERE userId>9930 && userId<779940  {"timestart":1464682014.6051,"timeend":1464682015.3049,"actiontime":0.69981598854065} []
[2016-05-31 16:06:55] log.INFO: select truename from million where userId=799930  {"timestart":1464682015.7119,"timeend":1464682015.7123,"actiontime":0.0003809928894043} []
[2016-05-31 16:10:14] log.INFO: select * from million WHERE userId= 999999 {"timestart":1464682214.8874,"timeend":1464682214.8907,"actiontime":0.0033218860626221} []
[2016-05-31 16:10:15] log.INFO: select login,truename from million where userId>10 {"timestart":1464682214.8931,"timeend":1464682215.8277,"actiontime":0.93466901779175} []
[2016-05-31 16:10:16] log.INFO: select password from million where userId<10 {"timestart":1464682216.723,"timeend":1464682216.7235,"actiontime":0.00047492980957031} []
[2016-05-31 16:11:11] log.INFO: select * from million WHERE userId= 999999 {"timestart":1464682271.0289,"timeend":1464682271.0312,"actiontime":0.0023479461669922} []
[2016-05-31 16:11:11] log.INFO: select login,truename from million where userId>10 {"timestart":1464682271.0331,"timeend":1464682271.9677,"actiontime":0.93461298942566} []
[2016-05-31 16:11:12] log.INFO: select password from million where userId<10 {"timestart":1464682272.8686,"timeend":1464682272.8691,"actiontime":0.00046205520629883} []
[2016-05-31 16:11:13] log.INFO: select login from million WHERE userId>9930 && userId<779940  {"timestart":1464682273.1398,"timeend":1464682273.8449,"actiontime":0.70515608787537} []
[2016-05-31 16:11:14] log.INFO: select truename from million where userId=799930  {"timestart":1464682274.3035,"timeend":1464682274.304,"actiontime":0.00041484832763672} []
[2016-06-02 09:20:58] log.INFO: select * from million WHERE userId= 999999 {"timestart":1464830458.6281,"timeend":1464830458.7238,"actiontime":0.095771074295044} []
[2016-06-02 09:20:58] log.INFO: select login,truename from million where userId<10 {"timestart":1464830458.7486,"timeend":1464830458.764,"actiontime":0.015444040298462} []
[2016-06-02 09:20:58] log.INFO: select password from million where userId<10 {"timestart":1464830458.7657,"timeend":1464830458.7664,"actiontime":0.0007169246673584} []
[2016-06-02 09:24:33] log.INFO: select * from million WHERE userId= 999999 {"timestart":1464830673.9099,"timeend":1464830673.9127,"actiontime":0.002810001373291} []
[2016-06-02 09:24:33] log.INFO: select login,truename from million where userId<10 {"timestart":1464830673.9146,"timeend":1464830673.9149,"actiontime":0.00028014183044434} []
[2016-06-02 09:24:33] log.INFO: select password from million where userId<10 {"timestart":1464830673.9156,"timeend":1464830673.9159,"actiontime":0.00025510787963867} []
[2016-06-02 09:40:04] log.INFO: select * from million WHERE userId= 999999 {"timestart":1464831604.4088,"timeend":1464831604.4171,"actiontime":0.0083191394805908} []
[2016-06-02 09:40:04] log.INFO: select login,truename from million where userId<10 {"timestart":1464831604.422,"timeend":1464831604.4227,"actiontime":0.00072598457336426} []
[2016-06-02 09:40:04] log.INFO: select password from million where userId<10 {"timestart":1464831604.4245,"timeend":1464831604.4251,"actiontime":0.00059008598327637} []
[2016-06-02 09:42:37] log.INFO: select * from million WHERE userId= 999999 {"timestart":1464831757.5185,"timeend":1464831757.5253,"actiontime":0.0068049430847168} []
[2016-06-02 09:42:37] log.INFO: select login,truename from million where userId<10 {"timestart":1464831757.5297,"timeend":1464831757.5304,"actiontime":0.00070691108703613} []
[2016-06-02 09:42:37] log.INFO: select password from million where userId<10 {"timestart":1464831757.5489,"timeend":1464831757.5499,"actiontime":0.00095915794372559} []
[2016-06-02 09:43:53] log.INFO: select * from million WHERE userId= 999999 {"timestart":1464831833.5948,"timeend":1464831833.5972,"actiontime":0.0024540424346924} []
[2016-06-02 09:43:53] log.INFO: select login,truename from million where userId<10 {"timestart":1464831833.599,"timeend":1464831833.5993,"actiontime":0.00035309791564941} []
[2016-06-02 09:43:53] log.INFO: select password from million where userId<10 {"timestart":1464831833.6003,"timeend":1464831833.6006,"actiontime":0.00026988983154297} []
[2016-06-02 09:44:34] log.INFO: select * from million WHERE userId= 999999 {"timestart":1464831874.626,"timeend":1464831874.6286,"actiontime":0.0026109218597412} []
[2016-06-02 09:44:34] log.INFO: select login,truename from million where userId<10 {"timestart":1464831874.6306,"timeend":1464831874.6311,"actiontime":0.00040483474731445} []
[2016-06-02 09:44:34] log.INFO: select password from million where userId<10 {"timestart":1464831874.6321,"timeend":1464831874.6323,"actiontime":0.00022792816162109} []
[2016-06-02 09:44:49] log.INFO: select * from million WHERE userId= 999999 {"timestart":1464831889.6501,"timeend":1464831889.6566,"actiontime":0.0064809322357178} []
[2016-06-02 09:44:49] log.INFO: select login,truename from million where userId<10 {"timestart":1464831889.6615,"timeend":1464831889.6622,"actiontime":0.00067400932312012} []
[2016-06-02 09:44:49] log.INFO: select password from million where userId<10 {"timestart":1464831889.6631,"timeend":1464831889.6636,"actiontime":0.00047397613525391} []
[2016-06-02 09:50:38] log.INFO: select * from million WHERE userId= 999999 {"timestart":1464832238.821,"timeend":1464832238.8238,"actiontime":0.0028331279754639} []
[2016-06-02 09:50:38] log.INFO: select login,truename from million where userId<10 {"timestart":1464832238.8258,"timeend":1464832238.8261,"actiontime":0.00033307075500488} []
[2016-06-02 09:50:38] log.INFO: select password from million where userId<10 {"timestart":1464832238.8272,"timeend":1464832238.8275,"actiontime":0.00025200843811035} []
[2016-06-02 09:51:18] log.INFO: select * from million WHERE userId= 999999 {"timestart":1464832278.8593,"timeend":1464832278.8617,"actiontime":0.0023379325866699} []
[2016-06-02 09:51:18] log.INFO: select login,truename from million where userId<10 {"timestart":1464832278.8635,"timeend":1464832278.8639,"actiontime":0.00032496452331543} []
[2016-06-02 09:51:18] log.INFO: select login,truename from million where userId<10 {"timestart":1464832278.8642,"timeend":1464832278.8644,"actiontime":0.0001990795135498} []
[2016-06-02 09:51:18] log.INFO: select password from million where userId<10 {"timestart":1464832278.8656,"timeend":1464832278.8658,"actiontime":0.00024104118347168} []
[2016-06-02 09:52:02] log.INFO: select * from million WHERE userId= 999999 {"timestart":1464832322.9034,"timeend":1464832322.907,"actiontime":0.003687858581543} []
[2016-06-02 09:52:04] log.INFO: select login,truename from million where userId>10 {"timestart":1464832322.9094,"timeend":1464832324.7276,"actiontime":1.8181700706482} []
[2016-06-02 09:52:05] log.INFO: select login,truename from million where userId>10 {"timestart":1464832325.0036,"timeend":1464832325.899,"actiontime":0.89541721343994} []
[2016-06-02 09:52:07] log.INFO: select password from million where userId>10 {"timestart":1464832326.6933,"timeend":1464832327.4475,"actiontime":0.7542769908905} []
[2016-06-02 09:53:12] log.INFO: select * from million WHERE userId= 999999 {"timestart":1464832392.9877,"timeend":1464832392.9905,"actiontime":0.0027990341186523} []
[2016-06-02 09:53:13] log.INFO: select login,truename from million where userId>10 {"timestart":1464832392.9925,"timeend":1464832393.8888,"actiontime":0.896320104599} []
[2016-06-02 09:53:15] log.INFO: select password from million where userId>10 {"timestart":1464832394.9264,"timeend":1464832395.689,"actiontime":0.76260995864868} []
[2016-06-02 09:54:46] log.INFO: select login,truename from million where userId>10 {"timestart":1464832485.2294,"timeend":1464832486.1144,"actiontime":0.88498711585999} []
[2016-06-02 09:55:20] log.INFO: select login,truename from million where userId>10 {"timestart":1464832519.2494,"timeend":1464832520.1642,"actiontime":0.91483497619629} []
[2016-06-02 09:55:21] log.INFO: select login,truename from million where userId>10 {"timestart":1464832520.4377,"timeend":1464832521.3105,"actiontime":0.87289309501648} []
[2016-06-02 20:50:07] log.INFO: select password from million where userId<10 {"actiontime":0.0022189617156982} []
[2016-06-02 20:50:17] log.INFO: select password from million where userId<10 {"actiontime":0.00075697898864746} []
[2016-06-02 20:50:31] log.INFO: select password from million where userId<10 {"actiontime":0.00030112266540527} []
[2016-06-02 20:51:09] log.INFO: select * from million where userId<10 {"actiontime":0.00038504600524902} []
[2016-06-02 20:52:01] log.INFO: select * from million where userId<10 {"actiontime":0.00040388107299805} []
[2016-06-02 21:23:04] log.INFO: select * from log where actionId<3 {"actiontime":0.00039815902709961} []
[2016-06-02 21:24:40] log.INFO: select * from log where actionId<3 {"actiontime":0.00062990188598633} []
[2016-06-02 21:25:42] log.INFO: select * from log where actionId<3 {"actiontime":0.00073480606079102} []
[2016-06-02 21:26:15] log.INFO: select * from log where actionId<3 {"actiontime":0.00068902969360352} []
[2016-06-02 21:26:56] log.INFO: select * from log where actionId<3 {"actiontime":0.00037002563476562} []
[2016-06-02 21:28:21] log.INFO: select * from log where actionId<3 {"actiontime":0.00040197372436523} []
[2016-06-02 21:30:27] log.INFO: select * from million WHERE userId= 999999 {"actiontime":0.00094795227050781} []
[2016-06-02 21:30:46] log.INFO: select * from million WHERE userId= 999999 {"actiontime":0.0006258487701416} []
[2016-06-02 21:32:46] log.INFO: select * from million WHERE userId= 999999 {"actiontime":0.000701904296875} []
[2016-06-02 21:35:22] log.INFO: select * from million WHERE userId= 999999 {"actiontime":0.00034594535827637} []
[2016-06-02 21:35:22] log.INFO: select login,truename from million where userId<10 {"actiontime":0.00030088424682617} []
[2016-06-02 21:42:07] log.INFO: select * from million WHERE userId= 999999 {"actiontime":0.00098490715026855} []
[2016-06-02 21:42:07] log.INFO: select login,truename from million where userId<10 {"actiontime":0.00041890144348145} []
[2016-06-02 21:42:21] log.INFO: select * from million WHERE userId= 999999 {"actiontime":0.0005190372467041} []
[2016-06-02 21:42:21] log.INFO: select login,truename from million where userId<10 {"actiontime":0.00064897537231445} []
[2016-06-02 21:46:41] log.INFO: select * from million WHERE userId= 999999 {"actiontime":0.00032806396484375} []
[2016-06-02 21:46:41] log.INFO: select login,truename from million where userId<10 {"actiontime":0.0002748966217041} []
[2016-06-02 21:46:41] log.INFO: select truename from million where userId=799930  {"actiontime":0.019495010375977} []
[2016-06-02 21:47:00] log.INFO: select * from million WHERE userId= 999999 {"actiontime":0.00029301643371582} []
[2016-06-02 21:47:00] log.INFO: select login,truename from million where userId<10 {"actiontime":0.00036907196044922} []
[2016-06-02 21:47:00] log.INFO: select truename from million where userId=799930  {"actiontime":0.0001978874206543} []
[2016-06-02 21:47:08] log.INFO: select * from million WHERE userId= 999999 {"actiontime":0.00029492378234863} []
[2016-06-02 21:47:08] log.INFO: select login,truename from million where userId<10 {"actiontime":0.00037193298339844} []
[2016-06-02 21:47:09] log.INFO: select truename from million where userId>799930  {"actiontime":0.50370383262634} []
[2016-06-02 21:47:14] log.INFO: select * from million WHERE userId= 999999 {"actiontime":0.00026512145996094} []
[2016-06-02 21:47:14] log.INFO: select login,truename from million where userId<10 {"actiontime":0.00023388862609863} []
[2016-06-02 21:47:14] log.INFO: select truename from million where userId>=799930  {"actiontime":0.51050305366516} []
